Could not ensure ea-php-cli cache directory!
Import window: 2026-03-01 → 2026-03-29

Checking competition: Campeonato Brasileiro Série A (API id 2013)
Matches returned: 40
Could not ensure ea-php-cli cache directory!
Import window: 2026-03-02 → 2026-03-30

Checking competition: Campeonato Brasileiro Série A (API id 2013)
Matches returned: 40
Could not ensure ea-php-cli cache directory!
Import window: 2026-03-02 → 2026-03-30

Checking competition: Campeonato Brasileiro Série A (API id 2013)
Matches returned: 40
Could not ensure ea-php-cli cache directory!
Import window: 2026-03-02 → 2026-03-30

Checking competition: Campeonato Brasileiro Série A (API id 2013)
Matches returned: 40
Could not ensure ea-php-cli cache directory!
Import window: 2026-03-02 → 2026-03-30

Checking competition: Campeonato Brasileiro Série A (API id 2013)
Matches returned: 40
Could not ensure ea-php-cli cache directory!
Import window: 2026-03-03 → 2026-03-31

Checking competition: Campeonato Brasileiro Série A (API id 2013)
Matches returned: 50
Could not ensure ea-php-cli cache directory!
Import window: 2026-03-03 → 2026-03-31

Checking competition: Campeonato Brasileiro Série A (API id 2013)
Matches returned: 50
Could not ensure ea-php-cli cache directory!
Import window: 2026-03-03 → 2026-03-31

Checking competition: Campeonato Brasileiro Série A (API id 2013)
Matches returned: 50
Could not ensure ea-php-cli cache directory!
Import window: 2026-03-03 → 2026-03-31

Checking competition: Campeonato Brasileiro Série A
Matches returned: 50
Could not ensure ea-php-cli cache directory!
Import window: 2026-03-04 → 2026-04-01

Checking competition: Campeonato Brasileiro Série A
Matches returned: 50
Could not ensure ea-php-cli cache directory!
Import window: 2026-03-04 → 2026-04-01

Checking competition: Campeonato Brasileiro Série A
Matches returned: 50
Could not ensure ea-php-cli cache directory!
Import window: 2026-03-04 → 2026-04-01

Checking competition: Campeonato Brasileiro Série A
Matches returned: 50
